
mapping with 16 threads...

 0:00:02.24 Mapping ERR035487_1.fastq.gz to GEN reference...

 0:01:36.26 Mapping ERR035487_2.fastq.gz to GEN reference...

 0:03:34.70 Generating binary hit matrix.
Warning: PySam not available on the system. Falling back to primitive SAM parsing.
0:03:34.70 Loading alleles and read IDs from /home/fr/fr_fr/fr_os136/immune_escape_project/results/HLA/PEO4/PEO4_1.sam...
0:03:35.47 11179 alleles and 3048 reads found.
0:03:35.47 Initializing mapping matrix...
0:03:35.48 3048x11179 mapping matrix initialized. Populating 999719 hits from SAM file...
	10% completed
0:04:33.91 999719 elements filled. Matrix sparsity: 1 in 34.08
Warning: PySam not available on the system. Falling back to primitive SAM parsing.
0:04:33.93 Loading alleles and read IDs from /home/fr/fr_fr/fr_os136/immune_escape_project/results/HLA/PEO4/PEO4_2.sam...
0:04:34.50 11179 alleles and 3012 reads found.
0:04:34.50 Initializing mapping matrix...
0:04:34.50 3012x11179 mapping matrix initialized. Populating 1050053 hits from SAM file...
	10% completed
0:05:34.89 1050053 elements filled. Matrix sparsity: 1 in 32.07
0:05:35.14 Alignment pairing completed. 2053 paired, 1840 unpaired, 57 discordant 

 0:05:36.76 temporary pruning of identical rows and columns

 0:05:36.91 Size of mtx with unique rows and columns: (583, 847)
0:05:36.91 determining minimal set of non-overshadowed alleles

 0:05:37.96 Keeping only the minimal number of required alleles (36,)

 0:05:37.96 Creating compact model...

starting ilp solver with 1 threads...

 0:05:38.00 Initializing OptiType model...
WARNING: Initializing ordered Set R with a fundamentally unordered data source
    (type: set).  This WILL potentially lead to nondeterministic behavior in
    Pyomo
WARNING: DEPRECATED: The Model.preprocess() method is deprecated and no longer
    performs any actions  (deprecated in 6.0) (called from /home/fr/fr_fr/fr_o
    s136/miniconda3/envs/optitype_stable/bin/OptiTypePipeline.py:416)
GLPSOL: GLPK LP/MIP Solver, v4.57
Parameter(s) specified in the command line:
 --write /tmp/tmp5_udfmqe.glpk.raw --wglp /tmp/tmpfr8nnam7.glpk.glp --cpxlp
 /tmp/tmp8ntu_joa.pyomo.lp
Reading problem data from '/tmp/tmp8ntu_joa.pyomo.lp'...
/tmp/tmp8ntu_joa.pyomo.lp:2471: warning: lower bound of variable 'x1' redefined
/tmp/tmp8ntu_joa.pyomo.lp:2471: warning: upper bound of variable 'x1' redefined
326 rows, 194 columns, 1109 non-zeros
114 integer variables, all of which are binary
2585 lines were read
Writing problem data to '/tmp/tmpfr8nnam7.glpk.glp'...
2220 lines were written
GLPK Integer Optimizer, v4.57
326 rows, 194 columns, 1109 non-zeros
114 integer variables, all of which are binary
Preprocessing...
67 hidden covering inequaliti(es) were detected
319 rows, 191 columns, 1098 non-zeros
112 integer variables, all of which are binary
Scaling...
 A: min|aij| =  1.000e+00  max|aij| =  6.000e+00  ratio =  6.000e+00
Problem data seem to be well scaled
Constructing initial basis...
Size of triangular part is 319
Solving LP relaxation...
GLPK Simplex Optimizer, v4.57
319 rows, 191 columns, 1098 non-zeros
      0: obj =  -0.000000000e+00 inf =   4.000e+00 (4)
      4: obj =  -3.000000000e-02 inf =   0.000e+00 (0)
*   109: obj =   1.186000000e+03 inf =   0.000e+00 (0)
OPTIMAL LP SOLUTION FOUND
Integer optimization begins...
+   109: mip =     not found yet <=              +inf        (1; 0)
+   109: >>>>>   1.186000000e+03 <=   1.186000000e+03   0.0% (1; 0)
+   109: mip =   1.186000000e+03 <=     tree is empty   0.0% (0; 1)
INTEGER OPTIMAL SOLUTION FOUND
Time used:   0.0 secs
Memory used: 0.5 Mb (504473 bytes)
Writing MIP solution to '/tmp/tmp5_udfmqe.glpk.raw'...
522 lines were written

 0:05:38.39 Result dataframe has been constructed...
