
mapping with 16 threads...

 0:00:02.59 Mapping ERR035486_1.fastq.gz to GEN reference...

 0:01:58.84 Mapping ERR035486_2.fastq.gz to GEN reference...

 0:03:51.16 Generating binary hit matrix.
Warning: PySam not available on the system. Falling back to primitive SAM parsing.
0:03:51.16 Loading alleles and read IDs from /home/fr/fr_fr/fr_os136/immune_escape_project/results/HLA/PEO1/PEO1_1.sam...
0:03:51.35 11179 alleles and 998 reads found.
0:03:51.35 Initializing mapping matrix...
0:03:51.35 998x11179 mapping matrix initialized. Populating 302339 hits from SAM file...
	10% completed
0:04:04.33 302339 elements filled. Matrix sparsity: 1 in 36.90
Warning: PySam not available on the system. Falling back to primitive SAM parsing.
0:04:04.36 Loading alleles and read IDs from /home/fr/fr_fr/fr_os136/immune_escape_project/results/HLA/PEO1/PEO1_2.sam...
0:04:04.53 11179 alleles and 941 reads found.
0:04:04.53 Initializing mapping matrix...
0:04:04.53 941x11179 mapping matrix initialized. Populating 316789 hits from SAM file...
	10% completed
0:04:18.05 316789 elements filled. Matrix sparsity: 1 in 33.21
0:04:18.32 Alignment pairing completed. 648 paired, 605 unpaired, 19 discordant 

 0:04:19.85 temporary pruning of identical rows and columns

 0:04:19.97 Size of mtx with unique rows and columns: (213, 499)
0:04:19.97 determining minimal set of non-overshadowed alleles

 0:04:20.27 Keeping only the minimal number of required alleles (27,)

 0:04:20.27 Creating compact model...

starting ilp solver with 1 threads...

 0:04:20.29 Initializing OptiType model...
WARNING: Initializing ordered Set R with a fundamentally unordered data source
    (type: set).  This WILL potentially lead to nondeterministic behavior in
    Pyomo
WARNING: DEPRECATED: The Model.preprocess() method is deprecated and no longer
    performs any actions  (deprecated in 6.0) (called from /home/fr/fr_fr/fr_o
    s136/miniconda3/envs/optitype_stable/bin/OptiTypePipeline.py:416)
GLPSOL: GLPK LP/MIP Solver, v4.57
Parameter(s) specified in the command line:
 --write /tmp/tmp_ven6xnj.glpk.raw --wglp /tmp/tmptoceu4ww.glpk.glp --cpxlp
 /tmp/tmpok6gd521.pyomo.lp
Reading problem data from '/tmp/tmpok6gd521.pyomo.lp'...
/tmp/tmpok6gd521.pyomo.lp:1619: warning: lower bound of variable 'x1' redefined
/tmp/tmpok6gd521.pyomo.lp:1619: warning: upper bound of variable 'x1' redefined
222 rows, 133 columns, 689 non-zeros
79 integer variables, all of which are binary
1698 lines were read
Writing problem data to '/tmp/tmptoceu4ww.glpk.glp'...
1446 lines were written
GLPK Integer Optimizer, v4.57
222 rows, 133 columns, 689 non-zeros
79 integer variables, all of which are binary
Preprocessing...
38 hidden covering inequaliti(es) were detected
211 rows, 129 columns, 669 non-zeros
76 integer variables, all of which are binary
Scaling...
 A: min|aij| =  1.000e+00  max|aij| =  6.000e+00  ratio =  6.000e+00
Problem data seem to be well scaled
Constructing initial basis...
Size of triangular part is 211
Solving LP relaxation...
GLPK Simplex Optimizer, v4.57
211 rows, 129 columns, 669 non-zeros
      0: obj =  -0.000000000e+00 inf =   3.000e+00 (3)
      3: obj =  -3.000000000e-02 inf =   0.000e+00 (0)
*    80: obj =   3.610000000e+02 inf =   0.000e+00 (0)
OPTIMAL LP SOLUTION FOUND
Integer optimization begins...
+    80: mip =     not found yet <=              +inf        (1; 0)
+    80: >>>>>   3.610000000e+02 <=   3.610000000e+02   0.0% (1; 0)
+    80: mip =   3.610000000e+02 <=     tree is empty   0.0% (0; 1)
INTEGER OPTIMAL SOLUTION FOUND
Time used:   0.0 secs
Memory used: 0.3 Mb (338939 bytes)
Writing MIP solution to '/tmp/tmp_ven6xnj.glpk.raw'...
357 lines were written

 0:04:20.68 Result dataframe has been constructed...
